2026-07-09 18:22:27.102 | INFO     | app.core.logging:setup_logging:43 | Logging configured | env=development | level=INFO
2026-07-09 18:22:27.102 | INFO     | app.main:lifespan:17 | Starting DataForge v1.0.0 | env=development
2026-07-09 18:22:27.322 | INFO     | app.main:lifespan:27 | Database connection verified
2026-07-09 18:56:29.455 | WARNING  | app.utils.error_handlers:http_exception_handler:55 | HTTP error | request_id=4232cd41-d8dd-483c-86bb-9bee13410ca1 | status=404 | detail=Not Found
2026-07-09 18:59:05.456 | INFO     | app.main:lifespan:34 | Shutting down DataForge
2026-07-09 18:59:24.412 | INFO     | app.core.logging:setup_logging:43 | Logging configured | env=development | level=INFO
2026-07-09 18:59:24.412 | INFO     | app.main:lifespan:17 | Starting DataForge v1.0.0 | env=development
2026-07-09 18:59:24.685 | INFO     | app.main:lifespan:27 | Database connection verified
2026-07-09 18:59:33.499 | INFO     | app.main:lifespan:34 | Shutting down DataForge
2026-07-09 18:59:34.104 | INFO     | app.core.logging:setup_logging:43 | Logging configured | env=development | level=INFO
2026-07-09 18:59:34.104 | INFO     | app.main:lifespan:17 | Starting DataForge v1.0.0 | env=development
2026-07-09 18:59:34.145 | INFO     | app.main:lifespan:27 | Database connection verified
2026-07-09 19:06:58.189 | INFO     | app.main:lifespan:34 | Shutting down DataForge
2026-07-09 19:07:02.284 | INFO     | app.core.logging:setup_logging:43 | Logging configured | env=development | level=INFO
2026-07-09 19:07:02.284 | INFO     | app.main:lifespan:17 | Starting DataForge v1.0.0 | env=development
2026-07-09 19:07:02.360 | INFO     | app.main:lifespan:27 | Database connection verified
2026-07-09 19:14:03.721 | INFO     | app.services.upload_service:process_upload:22 | Upload started | original_filename=test.csv.rtf | content_type=text/rtf
2026-07-09 19:14:03.725 | WARNING  | app.services.upload_service:process_upload:58 | Upload failed | original_filename=test.csv.rtf | error=Unsupported file extension. Allowed extensions: .csv, .xlsx, .json | code=INVALID_FILE_TYPE
2026-07-09 19:14:03.726 | WARNING  | app.utils.error_handlers:app_exception_handler:21 | Application error | request_id=84f6ad37-3c30-4868-b451-4b96eb78fb79 | code=INVALID_FILE_TYPE | message=Unsupported file extension. Allowed extensions: .csv, .xlsx, .json
2026-07-09 19:14:05.053 | INFO     | app.services.upload_service:process_upload:22 | Upload started | original_filename=test.csv.rtf | content_type=text/rtf
2026-07-09 19:14:05.056 | WARNING  | app.services.upload_service:process_upload:58 | Upload failed | original_filename=test.csv.rtf | error=Unsupported file extension. Allowed extensions: .csv, .xlsx, .json | code=INVALID_FILE_TYPE
2026-07-09 19:14:05.056 | WARNING  | app.utils.error_handlers:app_exception_handler:21 | Application error | request_id=a91a0471-2a1a-48fa-8568-5348ad22d9d2 | code=INVALID_FILE_TYPE | message=Unsupported file extension. Allowed extensions: .csv, .xlsx, .json
2026-07-09 19:14:54.376 | INFO     | app.services.upload_service:process_upload:22 | Upload started | original_filename=test.csv | content_type=text/csv
2026-07-09 19:14:54.380 | INFO     | app.services.upload_service:process_upload:40 | Upload completed | original_filename=test.csv | stored_filename=6d4f3a44-020e-48cc-bbde-f98d45cdf05a.csv | size=411 | file_type=csv
